Unity Editor version:    2021.3.14f1 (eee1884e7226)
Branch:                  2021.3/staging
Build type:              Release
Batch mode:              YES
macOS version:           Version 13.0.1 (Build 22A400)
Darwin version:          22.1.0
Architecture:            arm64
Running under Rosetta:   NO
Available memory:        8192 MB
Using pre-set license
Pro License: YES

COMMAND LINE ARGUMENTS:
/Applications/Unity/Hub/Editor/2021.3.14f1/Unity.app/Contents/MacOS/Unity
-adb2
-batchMode
-noUpm
-name
AssetImportWorker1
-projectPath
/Users/austin/Applications/unityProjects/ZombieToys
-logFile
Logs/AssetImportWorker1.log
-srvPort
52194
Successfully changed project path to: /Users/austin/Applications/unityProjects/ZombieToys
/Users/austin/Applications/unityProjects/ZombieToys
[UnityMemory] Configuration Parameters - Can be set up in boot.config
    "memorysetup-bucket-allocator-granularity=16"
    "memorysetup-bucket-allocator-bucket-count=8"
    "memorysetup-bucket-allocator-block-size=33554432"
    "memorysetup-bucket-allocator-block-count=8"
    "memorysetup-main-allocator-block-size=16777216"
    "memorysetup-thread-allocator-block-size=16777216"
    "memorysetup-gfx-main-allocator-block-size=16777216"
    "memorysetup-gfx-thread-allocator-block-size=16777216"
    "memorysetup-cache-allocator-block-size=4194304"
    "memorysetup-typetree-allocator-block-size=2097152"
    "memorysetup-profiler-bucket-allocator-granularity=16"
    "memorysetup-profiler-bucket-allocator-bucket-count=8"
    "memorysetup-profiler-bucket-allocator-block-size=33554432"
    "memorysetup-profiler-bucket-allocator-block-count=8"
    "memorysetup-profiler-allocator-block-size=16777216"
    "memorysetup-profiler-editor-allocator-block-size=1048576"
    "memorysetup-temp-allocator-size-main=16777216"
    "memorysetup-job-temp-allocator-block-size=2097152"
    "memorysetup-job-temp-allocator-block-size-background=1048576"
    "memorysetup-job-temp-allocator-reduction-small-platforms=262144"
    "memorysetup-temp-allocator-size-background-worker=32768"
    "memorysetup-temp-allocator-size-job-worker=262144"
    "memorysetup-temp-allocator-size-preload-manager=33554432"
    "memorysetup-temp-allocator-size-nav-mesh-worker=65536"
    "memorysetup-temp-allocator-size-audio-worker=65536"
    "memorysetup-temp-allocator-size-cloud-worker=32768"
    "memorysetup-temp-allocator-size-gi-baking-worker=262144"
    "memorysetup-temp-allocator-size-gfx=262144"
Refreshing native plugins compatible for Editor in 108.81 ms, found 2 plugins.
Preloading 0 native plugins for Editor in 0.00 ms.
Initialize engine version: 2021.3.14f1 (eee1884e7226)
[Subsystems] Discovering subsystems at path /Applications/Unity/Hub/Editor/2021.3.14f1/Unity.app/Contents/Resources/UnitySubsystems
[Subsystems] Discovering subsystems at path /Users/austin/Applications/unityProjects/ZombieToys/Assets
GfxDevice: creating device client; threaded=0; jobified=0
 preferred device: Apple M1 (high power)
Metal devices available: 1
0: Apple M1 (high power)
Using device Apple M1 (high power)
Initializing Metal device caps: Apple M1
Initialize mono
Mono path[0] = '/Applications/Unity/Hub/Editor/2021.3.14f1/Unity.app/Contents/Managed'
Mono path[1] = '/Applications/Unity/Hub/Editor/2021.3.14f1/Unity.app/Contents/MonoBleedingEdge/lib/mono/unityjit-macos'
Mono config path = '/Applications/Unity/Hub/Editor/2021.3.14f1/Unity.app/Contents/MonoBleedingEdge/etc'
Using monoOptions --debugger-agent=transport=dt_socket,embedding=1,server=y,suspend=n,address=127.0.0.1:56126
Begin MonoManager ReloadAssembly
Registering precompiled unity dll's ...
Register platform support module: /Applications/Unity/Hub/Editor/2021.3.14f1/Unity.app/Contents/PlaybackEngines/MacStandaloneSupport/UnityEditor.OSXStandalone.Extensions.dll
Registered in 0.001916 seconds.
Native extension for OSXStandalone target not found
Refreshing native plugins compatible for Editor in 109.34 ms, found 2 plugins.
Preloading 0 native plugins for Editor in 0.00 ms.
Mono: successfully reloaded assembly
- Completed reload, in  0.634 seconds
Domain Reload Profiling:
	ReloadAssembly (634ms)
		BeginReloadAssembly (61ms)
			ExecutionOrderSort (0ms)
			DisableScriptedObjects (0ms)
			BackupInstance (0ms)
			ReleaseScriptingObjects (0ms)
			CreateAndSetChildDomain (1ms)
		EndReloadAssembly (469ms)
			LoadAssemblies (60ms)
			RebuildTransferFunctionScriptingTraits (0ms)
			SetupTypeCache (101ms)
			ReleaseScriptCaches (0ms)
			RebuildScriptCaches (28ms)
			SetupLoadedEditorAssemblies (300ms)
				LogAssemblyErrors (0ms)
				InitializePlatformSupportModulesInManaged (5ms)
				SetLoadedEditorAssemblies (0ms)
				RefreshPlugins (109ms)
				BeforeProcessingInitializeOnLoad (1ms)
				ProcessInitializeOnLoadAttributes (147ms)
				ProcessInitializeOnLoadMethodAttributes (38ms)
				AfterProcessingInitializeOnLoad (0ms)
				EditorAssembliesLoaded (0ms)
			ExecutionOrderSort2 (0ms)
			AwakeInstancesAfterBackupRestoration (0ms)
Platform modules already initialized, skipping
Registering precompiled user dll's ...
Registered in 0.007513 seconds.
Begin MonoManager ReloadAssembly
Symbol file LoadedFromMemory doesn't match image /Users/austin/Applications/unityProjects/ZombieToys/Library/PackageCache/com.unity.visualscripting@1.7.8/Editor/VisualScripting.Core/Dependencies/YamlDotNet/Unity.VisualScripting.YamlDotNet.dll
Symbol file LoadedFromMemory doesn't match image /Users/austin/Applications/unityProjects/ZombieToys/Library/PackageCache/com.unity.visualscripting@1.7.8/Editor/VisualScripting.Core/Dependencies/DotNetZip/Unity.VisualScripting.IonicZip.dll
Native extension for OSXStandalone target not found
Refreshing native plugins compatible for Editor in 0.54 ms, found 2 plugins.
Preloading 0 native plugins for Editor in 0.00 ms.
Mono: successfully reloaded assembly
- Completed reload, in  0.944 seconds
Domain Reload Profiling:
	ReloadAssembly (945ms)
		BeginReloadAssembly (77ms)
			ExecutionOrderSort (0ms)
			DisableScriptedObjects (5ms)
			BackupInstance (0ms)
			ReleaseScriptingObjects (0ms)
			CreateAndSetChildDomain (21ms)
		EndReloadAssembly (761ms)
			LoadAssemblies (62ms)
			RebuildTransferFunctionScriptingTraits (0ms)
			SetupTypeCache (254ms)
			ReleaseScriptCaches (0ms)
			RebuildScriptCaches (49ms)
			SetupLoadedEditorAssemblies (350ms)
				LogAssemblyErrors (0ms)
				InitializePlatformSupportModulesInManaged (3ms)
				SetLoadedEditorAssemblies (0ms)
				RefreshPlugins (1ms)
				BeforeProcessingInitializeOnLoad (91ms)
				ProcessInitializeOnLoadAttributes (229ms)
				ProcessInitializeOnLoadMethodAttributes (23ms)
				AfterProcessingInitializeOnLoad (2ms)
				EditorAssembliesLoaded (0ms)
			ExecutionOrderSort2 (0ms)
			AwakeInstancesAfterBackupRestoration (3ms)
Platform modules already initialized, skipping
========================================================================
Worker process is ready to serve import requests
Launching external process: /Applications/Unity/Hub/Editor/2021.3.14f1/Unity.app/Contents/Tools/UnityShaderCompiler
Launched and connected shader compiler UnityShaderCompiler after 0.22 seconds
Refreshing native plugins compatible for Editor in 0.48 ms, found 2 plugins.
Preloading 0 native plugins for Editor in 0.00 ms.
Unloading 3385 Unused Serialized files (Serialized files now loaded: 0)
Unloading 27 unused Assets / (85.2 KB). Loaded Objects now: 3842.
Memory consumption went from 108.7 MB to 108.6 MB.
Total: 3.739875 ms (FindLiveObjects: 0.157917 ms CreateObjectMapping: 0.064083 ms MarkObjects: 3.413042 ms  DeleteObjects: 0.104292 ms)

AssetImportParameters requested are different than current active one (requested -> active):
  custom:video-decoder-ogg-theora: a1e56fd34408186e4bbccfd4996cb3dc -> 
  custom:container-muxer-webm: aa71ff27fc2769a1b78a27578f13a17b -> 
  custom:container-demuxer-webm: 4f35f7cbe854078d1ac9338744f61a02 -> 
  custom:video-encoder-webm-vp8: eb34c28f22e8b96e1ab97ce403110664 -> 
  custom:framework-osx-AVFoundation: e770b220cccbd017edd2c1fefb359320 -> 
  custom:audio-encoder-webm-vorbis: bf7c407c2cedff20999df2af8eb42d56 -> 
  custom:container-demuxer-ogg: 62fdf1f143b41e24485cea50d1cbac27 -> 
  custom:video-decoder-webm-vp8: 9c59270c3fd7afecdb556c50c9e8de78 -> 
  custom:audio-decoder-ogg-vorbis: bf7c407c2cedff20999df2af8eb42d56 -> 
========================================================================
Received Import Request.
  Time since last request: 7903.500794 seconds.
  path: Assets/Images/Sunlight_Cookie2-01.png
  artifactKey: Guid(18aa128f7ddecc54bb296e8954560d91) Importer(815301076,1909f56bfc062723c751e8b465ee728b)
Start importing Assets/Images/Sunlight_Cookie2-01.png using Guid(18aa128f7ddecc54bb296e8954560d91) Importer(815301076,1909f56bfc062723c751e8b465ee728b)  -> (artifact id: '3d2b0a2a8511186d1e43922e58715c53') in 1.183780 seconds 
========================================================================
Received Import Request.
  Time since last request: 0.000074 seconds.
  path: Assets/Audio/Background Music.mp3
  artifactKey: Guid(4fff99673a41e24439d527ad0bd6b569) Importer(815301076,1909f56bfc062723c751e8b465ee728b)
Start importing Assets/Audio/Background Music.mp3 using Guid(4fff99673a41e24439d527ad0bd6b569) Importer(815301076,1909f56bfc062723c751e8b465ee728b)  -> (artifact id: 'bc702055b12bb155421f36faac561b09') in 1.462473 seconds 
========================================================================
Received Import Request.
  Time since last request: 0.000050 seconds.
  path: Assets/Images/PuffNormalSprite.png
  artifactKey: Guid(afcea23a190c35f4ab5d0dc51bd9c3e6) Importer(815301076,1909f56bfc062723c751e8b465ee728b)
Start importing Assets/Images/PuffNormalSprite.png using Guid(afcea23a190c35f4ab5d0dc51bd9c3e6) Importer(815301076,1909f56bfc062723c751e8b465ee728b)  -> (artifact id: 'ac4e080a071de72ab3b8434e8fef6398') in 0.072568 seconds 
========================================================================
Received Import Request.
  Time since last request: 0.000149 seconds.
  path: Assets/Audio/wpn_gas_hit_01.wav
  artifactKey: Guid(a62a5a1db7a694ac59845c755bab45db) Importer(815301076,1909f56bfc062723c751e8b465ee728b)
Start importing Assets/Audio/wpn_gas_hit_01.wav using Guid(a62a5a1db7a694ac59845c755bab45db) Importer(815301076,1909f56bfc062723c751e8b465ee728b)  -> (artifact id: '9b3063fda98deafe78f579e5599268df') in 0.055870 seconds 
========================================================================
Received Import Request.
  Time since last request: 0.000073 seconds.
  path: Assets/Images/ZapBeam01.tga
  artifactKey: Guid(e61f3bc76208a2e43a0a7bb09b76d6eb) Importer(815301076,1909f56bfc062723c751e8b465ee728b)
Start importing Assets/Images/ZapBeam01.tga using Guid(e61f3bc76208a2e43a0a7bb09b76d6eb) Importer(815301076,1909f56bfc062723c751e8b465ee728b)  -> (artifact id: 'd2fafca2b4305936bee5d21ffb25f5ca') in 0.053316 seconds 
========================================================================
Received Import Request.
  Time since last request: 0.000084 seconds.
  path: Assets/Images/UISliderFill.png
  artifactKey: Guid(8640ef3b950dc01419a5369463f74721) Importer(815301076,1909f56bfc062723c751e8b465ee728b)
Start importing Assets/Images/UISliderFill.png using Guid(8640ef3b950dc01419a5369463f74721) Importer(815301076,1909f56bfc062723c751e8b465ee728b)  -> (artifact id: 'b0592ec9bedb4c8c8e2ea0ade5bae652') in 0.004886 seconds 
========================================================================
Received Import Request.
  Time since last request: 0.000114 seconds.
  path: Assets/Audio/wpn_goo_equip_01.wav
  artifactKey: Guid(ce92018f9b584415e9da21411ee54dc1) Importer(815301076,1909f56bfc062723c751e8b465ee728b)
Start importing Assets/Audio/wpn_goo_equip_01.wav using Guid(ce92018f9b584415e9da21411ee54dc1) Importer(815301076,1909f56bfc062723c751e8b465ee728b)  -> (artifact id: '94afb42a02c9354a69f03efeb4ffcfb9') in 0.008275 seconds 
========================================================================
Received Import Request.
  Time since last request: 0.000041 seconds.
  path: Assets/Audio/Player GunShot.wav
  artifactKey: Guid(fa7f046ce321d4021b5e753bf1152916) Importer(815301076,1909f56bfc062723c751e8b465ee728b)
Start importing Assets/Audio/Player GunShot.wav using Guid(fa7f046ce321d4021b5e753bf1152916) Importer(815301076,1909f56bfc062723c751e8b465ee728b)  -> (artifact id: '6dc929e77dc71d904d13e7e684a850ad') in 0.006549 seconds 
========================================================================
Received Import Request.
  Time since last request: 0.000054 seconds.
  path: Assets/Audio/Hellephant Hurt.wav
  artifactKey: Guid(fce027b40770a44298a6f5a4233bfb04) Importer(815301076,1909f56bfc062723c751e8b465ee728b)
Start importing Assets/Audio/Hellephant Hurt.wav using Guid(fce027b40770a44298a6f5a4233bfb04) Importer(815301076,1909f56bfc062723c751e8b465ee728b)  -> (artifact id: '2b45daaa1a2edaf2d9ebb527ab293075') in 0.006208 seconds 
========================================================================
Received Import Request.
  Time since last request: 0.000049 seconds.
  path: Assets/Audio/Hellephant Death.wav
  artifactKey: Guid(8c615fd0429f34edf85539d70279360d) Importer(815301076,1909f56bfc062723c751e8b465ee728b)
Start importing Assets/Audio/Hellephant Death.wav using Guid(8c615fd0429f34edf85539d70279360d) Importer(815301076,1909f56bfc062723c751e8b465ee728b)  -> (artifact id: '264799c42c0c530baa3ea5de27979bb0') in 0.008523 seconds 
========================================================================
Received Import Request.
  Time since last request: 0.000063 seconds.
  path: Assets/Audio/ZomBear Death.wav
  artifactKey: Guid(62366b8d2c37a49dca550841c741317f) Importer(815301076,1909f56bfc062723c751e8b465ee728b)
Start importing Assets/Audio/ZomBear Death.wav using Guid(62366b8d2c37a49dca550841c741317f) Importer(815301076,1909f56bfc062723c751e8b465ee728b)  -> (artifact id: 'e705e19b8ab3b2ee30f51bbe11ebd220') in 0.009602 seconds 
========================================================================
Received Import Request.
  Time since last request: 0.000051 seconds.
  path: Assets/Images/TargetReticle.tga
  artifactKey: Guid(0b9392d62ea392e4b926188b868e8729) Importer(815301076,1909f56bfc062723c751e8b465ee728b)
Start importing Assets/Images/TargetReticle.tga using Guid(0b9392d62ea392e4b926188b868e8729) Importer(815301076,1909f56bfc062723c751e8b465ee728b)  -> (artifact id: '6ac7a1869dc51eee27d27b1bef5e070c') in 0.009528 seconds 
========================================================================
Received Import Request.
  Time since last request: 0.000053 seconds.
  path: Assets/Images/Ice1x4.tga
  artifactKey: Guid(501aa28b25ba07b40b909bc13b7c36f6) Importer(815301076,1909f56bfc062723c751e8b465ee728b)
Start importing Assets/Images/Ice1x4.tga using Guid(501aa28b25ba07b40b909bc13b7c36f6) Importer(815301076,1909f56bfc062723c751e8b465ee728b)  -> (artifact id: 'f34e00cd895c1b0e2d18c7fa77226277') in 0.007223 seconds 
========================================================================
Received Import Request.
  Time since last request: 0.000127 seconds.
  path: Assets/Images/SlimeSplatter.tga
  artifactKey: Guid(9ee95df2527475a49bab701813b0b211) Importer(815301076,1909f56bfc062723c751e8b465ee728b)
Start importing Assets/Images/SlimeSplatter.tga using Guid(9ee95df2527475a49bab701813b0b211) Importer(815301076,1909f56bfc062723c751e8b465ee728b)  -> (artifact id: '275aa26abd364cd65e8fa8b60420b46a') in 0.009383 seconds 
========================================================================
Received Import Request.
  Time since last request: 0.000080 seconds.
  path: Assets/Images/UIToggleBG.png
  artifactKey: Guid(2130698f043fe8149974dbe7b12d1752) Importer(815301076,1909f56bfc062723c751e8b465ee728b)
Start importing Assets/Images/UIToggleBG.png using Guid(2130698f043fe8149974dbe7b12d1752) Importer(815301076,1909f56bfc062723c751e8b465ee728b)  -> (artifact id: '843528ce6b4e05c1e11f3182d9fece83') in 0.005347 seconds 
========================================================================
Received Import Request.
  Time since last request: 0.000094 seconds.
  path: Assets/Audio/wpn_ice_hit_03.wav
  artifactKey: Guid(8e6db6bde3af3476f95058293927f8d8) Importer(815301076,1909f56bfc062723c751e8b465ee728b)
Start importing Assets/Audio/wpn_ice_hit_03.wav using Guid(8e6db6bde3af3476f95058293927f8d8) Importer(815301076,1909f56bfc062723c751e8b465ee728b)  -> (artifact id: '49d54e016e6daf03590478822aca53da') in 0.009013 seconds 
========================================================================
Received Import Request.
  Time since last request: 0.000091 seconds.
  path: Assets/Audio/wpn_elec_hit_01.wav
  artifactKey: Guid(28bd61aa3b65c41499cfd109392eb86a) Importer(815301076,1909f56bfc062723c751e8b465ee728b)
Start importing Assets/Audio/wpn_elec_hit_01.wav using Guid(28bd61aa3b65c41499cfd109392eb86a) Importer(815301076,1909f56bfc062723c751e8b465ee728b)  -> (artifact id: '64b0064ecda7e985551f84cec3ce8b99') in 0.008727 seconds 
========================================================================
Received Import Request.
  Time since last request: 0.000133 seconds.
  path: Assets/Audio/wpn_goo_attack_02.wav
  artifactKey: Guid(63f4696768ea540e7aa51734ad897c5b) Importer(815301076,1909f56bfc062723c751e8b465ee728b)
Start importing Assets/Audio/wpn_goo_attack_02.wav using Guid(63f4696768ea540e7aa51734ad897c5b) Importer(815301076,1909f56bfc062723c751e8b465ee728b)  -> (artifact id: 'e5df3d88d726d96b2d9e96f980875c0c') in 0.009375 seconds 
========================================================================
Received Import Request.
  Time since last request: 0.000058 seconds.
  path: Assets/Images
  artifactKey: Guid(add6e5fca69477444b121f7c695ceb8e) Importer(815301076,1909f56bfc062723c751e8b465ee728b)
Start importing Assets/Images using Guid(add6e5fca69477444b121f7c695ceb8e) Importer(815301076,1909f56bfc062723c751e8b465ee728b)  -> (artifact id: 'af54ef3c5f419a04269e326b7ee92a89') in 0.000908 seconds 
========================================================================
Received Import Request.
  Time since last request: 0.000108 seconds.
  path: Assets/Images/EveningReflection.hdr
  artifactKey: Guid(a7bed68887a07e34394d4191b3081359) Importer(815301076,1909f56bfc062723c751e8b465ee728b)
Start importing Assets/Images/EveningReflection.hdr using Guid(a7bed68887a07e34394d4191b3081359) Importer(815301076,1909f56bfc062723c751e8b465ee728b)  -> (artifact id: '7de3e6e4a7ed1a14f82810b993b15eee') in 1.091026 seconds 
========================================================================
Received Import Request.
  Time since last request: 0.000326 seconds.
  path: Assets/Images/ZapBeam.tga
  artifactKey: Guid(0a7394e72f3037447a18da0a097c7adc) Importer(815301076,1909f56bfc062723c751e8b465ee728b)
Start importing Assets/Images/ZapBeam.tga using Guid(0a7394e72f3037447a18da0a097c7adc) Importer(815301076,1909f56bfc062723c751e8b465ee728b)  -> (artifact id: '04565ffd91118d9f29ea515cc5c8bb1c') in 0.006373 seconds 
========================================================================
Received Import Request.
  Time since last request: 0.000046 seconds.
  path: Assets/Audio/wpn_elec_equip_01.wav
  artifactKey: Guid(c57df37c7897248518fc658dd97b432b) Importer(815301076,1909f56bfc062723c751e8b465ee728b)
Start importing Assets/Audio/wpn_elec_equip_01.wav using Guid(c57df37c7897248518fc658dd97b432b) Importer(815301076,1909f56bfc062723c751e8b465ee728b)  -> (artifact id: '877626f785d7e1ae3103e9de5f0c919c') in 0.008560 seconds 
========================================================================
Received Import Request.
  Time since last request: 0.000055 seconds.
  path: Assets/Audio/wpn_elec_attack_01.wav
  artifactKey: Guid(acc5a3cbf9b7346a8ab39f638c4a60cc) Importer(815301076,1909f56bfc062723c751e8b465ee728b)
Start importing Assets/Audio/wpn_elec_attack_01.wav using Guid(acc5a3cbf9b7346a8ab39f638c4a60cc) Importer(815301076,1909f56bfc062723c751e8b465ee728b)  -> (artifact id: 'e853a0daa8afea4d0337dde26f6d4184') in 0.004965 seconds 
========================================================================
Received Import Request.
  Time since last request: 0.000043 seconds.
  path: Assets/Audio/wpn_gas_hit_02.wav
  artifactKey: Guid(cc1c9d0e9bf554cc7ad9386e1858ce24) Importer(815301076,1909f56bfc062723c751e8b465ee728b)
Start importing Assets/Audio/wpn_gas_hit_02.wav using Guid(cc1c9d0e9bf554cc7ad9386e1858ce24) Importer(815301076,1909f56bfc062723c751e8b465ee728b)  -> (artifact id: '395d8445a15b17d787779a45112c136b') in 0.005653 seconds 
========================================================================
Received Import Request.
  Time since last request: 0.000062 seconds.
  path: Assets/Audio/wpn_gas_attack_loop_01.wav
  artifactKey: Guid(3a386ca40f50d46d09af9f3a056d5ce1) Importer(815301076,1909f56bfc062723c751e8b465ee728b)
Start importing Assets/Audio/wpn_gas_attack_loop_01.wav using Guid(3a386ca40f50d46d09af9f3a056d5ce1) Importer(815301076,1909f56bfc062723c751e8b465ee728b)  -> (artifact id: '7896fdaa95ccaddc2a5c8bc07d410af7') in 0.005640 seconds 
========================================================================
Received Import Request.
  Time since last request: 0.000076 seconds.
  path: Assets/Audio/wpn_ice_freeze_03.wav
  artifactKey: Guid(6be8b5531ecd84b02b827b39a20ce845) Importer(815301076,1909f56bfc062723c751e8b465ee728b)
Start importing Assets/Audio/wpn_ice_freeze_03.wav using Guid(6be8b5531ecd84b02b827b39a20ce845) Importer(815301076,1909f56bfc062723c751e8b465ee728b)  -> (artifact id: '7b5322372b6da9ef67181e25f1c71260') in 0.009361 seconds 
========================================================================
Received Import Request.
  Time since last request: 0.000052 seconds.
  path: Assets/Audio/Player Hurt.wav
  artifactKey: Guid(9922a12f34d0a084aab32de985459723) Importer(815301076,1909f56bfc062723c751e8b465ee728b)
Start importing Assets/Audio/Player Hurt.wav using Guid(9922a12f34d0a084aab32de985459723) Importer(815301076,1909f56bfc062723c751e8b465ee728b)  -> (artifact id: 'ae2b632b348ba17fbed4c42af9c49eaa') in 0.008838 seconds 
========================================================================
Received Import Request.
  Time since last request: 0.000047 seconds.
  path: Assets/Audio/wpn_gas_target_01.wav
  artifactKey: Guid(288d09303b1a94993a41308ded8983e8) Importer(815301076,1909f56bfc062723c751e8b465ee728b)
Start importing Assets/Audio/wpn_gas_target_01.wav using Guid(288d09303b1a94993a41308ded8983e8) Importer(815301076,1909f56bfc062723c751e8b465ee728b)  -> (artifact id: 'dbd3bbe4dfa9cbb7ebf11905fe35cacb') in 0.008776 seconds 
========================================================================
Received Import Request.
  Time since last request: 0.000053 seconds.
  path: Assets/Audio/Lightning Zap.wav
  artifactKey: Guid(319fb03107d7cbc43aeebbf0c58a616c) Importer(815301076,1909f56bfc062723c751e8b465ee728b)
Start importing Assets/Audio/Lightning Zap.wav using Guid(319fb03107d7cbc43aeebbf0c58a616c) Importer(815301076,1909f56bfc062723c751e8b465ee728b)  -> (artifact id: '6528d13d3f24c23896fff2992ca7e04f') in 0.007138 seconds 
========================================================================
Received Import Request.
  Time since last request: 0.000041 seconds.
  path: Assets/Images/Spark.tga
  artifactKey: Guid(47a5c5d2aaefb97458c7606f3aab4926) Importer(815301076,1909f56bfc062723c751e8b465ee728b)
Start importing Assets/Images/Spark.tga using Guid(47a5c5d2aaefb97458c7606f3aab4926) Importer(815301076,1909f56bfc062723c751e8b465ee728b)  -> (artifact id: '79e7c40ed2f785ebc6fe1aad9fb63a17') in 0.004440 seconds 
========================================================================
Received Import Request.
  Time since last request: 0.000047 seconds.
  path: Assets/Audio/wpn_elec_attack_02.wav
  artifactKey: Guid(50f58c4fca03145f88f398ae8d566ca8) Importer(815301076,1909f56bfc062723c751e8b465ee728b)
Start importing Assets/Audio/wpn_elec_attack_02.wav using Guid(50f58c4fca03145f88f398ae8d566ca8) Importer(815301076,1909f56bfc062723c751e8b465ee728b)  -> (artifact id: 'adfdcbdbfd3874d287323ff72a2728d6') in 0.005057 seconds 
========================================================================
Received Import Request.
  Time since last request: 0.000089 seconds.
  path: Assets/Audio/wpn_elec_hit_03.wav
  artifactKey: Guid(b3930fd0c1cb64e7b95e89d25de3a940) Importer(815301076,1909f56bfc062723c751e8b465ee728b)
Start importing Assets/Audio/wpn_elec_hit_03.wav using Guid(b3930fd0c1cb64e7b95e89d25de3a940) Importer(815301076,1909f56bfc062723c751e8b465ee728b)  -> (artifact id: '999bddd1afea1b1fd08c22d381d8935a') in 0.005130 seconds 
========================================================================
Received Import Request.
  Time since last request: 0.000062 seconds.
  path: Assets/Images/UIPanel.png
  artifactKey: Guid(a5a780e4a881ea44f88afed421a63c3a) Importer(815301076,1909f56bfc062723c751e8b465ee728b)
Start importing Assets/Images/UIPanel.png using Guid(a5a780e4a881ea44f88afed421a63c3a) Importer(815301076,1909f56bfc062723c751e8b465ee728b)  -> (artifact id: '0df2106f44f004118d6dab03dba5c721') in 0.005532 seconds 
========================================================================
Received Import Request.
  Time since last request: 0.000085 seconds.
  path: Assets/Audio/wpn_goo_hit_02.wav
  artifactKey: Guid(a66edea1949a2489d8b363346132e796) Importer(815301076,1909f56bfc062723c751e8b465ee728b)
Start importing Assets/Audio/wpn_goo_hit_02.wav using Guid(a66edea1949a2489d8b363346132e796) Importer(815301076,1909f56bfc062723c751e8b465ee728b)  -> (artifact id: 'eb9a8adf9bcb1fd2a14e029e78f09629') in 0.008983 seconds 
